#
# A fatal error has been detected by the Java Runtime Environment:
#
#  Internal Error (classFileParser.cpp:3494), pid=7892, tid=8452
#  Error: ShouldNotReachHere()
#
# JRE version: 6.0_37-b06
# Java VM: Java HotSpot(TM) Client VM (20.12-b01 mixed mode windows-x86 )
# If you would like to submit a bug report, please visit:
#   http://java.sun.com/webapps/bugreport/crash.jsp
#

---------------  T H R E A D  ---------------

Current thread (0x0209a400):  JavaThread "Unknown thread" [_thread_in_vm, id=8452, stack(0x001d0000,0x00220000)]

Stack: [0x001d0000,0x00220000],  sp=0x0021f86c,  free space=318k
Native frames: (J=compiled Java code, j=interpreted, Vv=VM code, C=native code)
V  [jvm.dll+0x13471a]
V  [jvm.dll+0x12f20b]
V  [jvm.dll+0x167de]
V  [jvm.dll+0x1802f]
V  [jvm.dll+0x275a5]
V  [jvm.dll+0x27de6]
V  [jvm.dll+0x28195]
V  [jvm.dll+0x28229]
V  [jvm.dll+0x282ec]
V  [jvm.dll+0x2836a]
V  [jvm.dll+0x2844d]
V  [jvm.dll+0x28719]
V  [jvm.dll+0x6ce03]
V  [jvm.dll+0x6d1dc]
V  [jvm.dll+0xfa6dc]
V  [jvm.dll+0x11902b]
V  [jvm.dll+0x9f4e0]
C  [javaw.exe+0x1657]
C  [javaw.exe+0x1e2c]
C  [javaw.exe+0x8614]
C  [kernel32.dll+0x133aa]  BaseThreadInitThunk+0x12
C  [ntdll.dll+0x39f72]  RtlInitializeExceptionChain+0x63
C  [ntdll.dll+0x39f45]  RtlInitializeExceptionChain+0x36


---------------  P R O C E S S  ---------------

Java Threads: ( => current thread )

Other Threads:

=>0x0209a400 (exited) JavaThread "Unknown thread" [_thread_in_vm, id=8452, stack(0x001d0000,0x00220000)]

VM state:not at safepoint (not fully initialized)

VM Mutex/Monitor currently owned by a thread: None

Dynamic libraries:
0x00400000 - 0x00425000 	D:\com.zhhy.ws\jdk1.6.0_37\bin\javaw.exe
0x77970000 - 0x77af0000 	C:\Windows\SysWOW64\ntdll.dll
0x771f0000 - 0x77300000 	C:\Windows\syswow64\kernel32.dll
0x76d20000 - 0x76d67000 	C:\Windows\syswow64\KERNELBASE.dll
0x76f10000 - 0x76fb0000 	C:\Windows\syswow64\ADVAPI32.dll
0x76a60000 - 0x76b0c000 	C:\Windows\syswow64\msvcrt.dll
0x770a0000 - 0x770b9000 	C:\Windows\SysWOW64\sechost.dll
0x76fb0000 - 0x770a0000 	C:\Windows\syswow64\RPCRT4.dll
0x75370000 - 0x753d0000 	C:\Windows\syswow64\SspiCli.dll
0x75360000 - 0x7536c000 	C:\Windows\syswow64\CRYPTBASE.dll
0x76bd0000 - 0x76cd0000 	C:\Windows\syswow64\USER32.dll
0x75980000 - 0x75a10000 	C:\Windows\syswow64\GDI32.dll
0x75ae0000 - 0x75aea000 	C:\Windows\syswow64\LPK.dll
0x753d0000 - 0x7546d000 	C:\Windows\syswow64\USP10.dll
0x77110000 - 0x77170000 	C:\Windows\system32\IMM32.DLL
0x767b0000 - 0x7687c000 	C:\Windows\syswow64\MSCTF.dll
0x7c340000 - 0x7c396000 	D:\com.zhhy.ws\jdk1.6.0_37\jre\bin\msvcr71.dll
0x6d8c0000 - 0x6db70000 	D:\com.zhhy.ws\jdk1.6.0_37\jre\bin\client\jvm.dll
0x74070000 - 0x740a2000 	C:\Windows\system32\WINMM.dll
0x71500000 - 0x7154c000 	C:\Windows\system32\apphelp.dll
0x6d870000 - 0x6d87c000 	D:\com.zhhy.ws\jdk1.6.0_37\jre\bin\verify.dll
0x6d3d0000 - 0x6d3ef000 	D:\com.zhhy.ws\jdk1.6.0_37\jre\bin\java.dll
0x6d420000 - 0x6d449000 	D:\com.zhhy.ws\jdk1.6.0_37\jre\bin\jdwp.dll
0x6d740000 - 0x6d746000 	D:\com.zhhy.ws\jdk1.6.0_37\jre\bin\npt.dll
0x6d8b0000 - 0x6d8bf000 	D:\com.zhhy.ws\jdk1.6.0_37\jre\bin\zip.dll
0x76880000 - 0x76885000 	C:\Windows\system32\PSAPI.DLL

VM Arguments:
jvm_args: -agentlib:jdwp=transport=dt_socket,suspend=y,address=localhost:3953 -Dfile.encoding=GBK -Xbootclasspath:D:\adt-bundle-windows-x86-20140702\sdk\platforms\android-20\android.jar 
java_command: com.chen.bluetoothutils.Test
Launcher Type: SUN_STANDARD

Environment Variables:
CLASSPATH=D:\com.zhhy.ws\jdk1.6.0_37\lib\dt.jar;D:\com.zhhy.ws\jdk1.6.0_37\lib\tools.jar
PATH=D:\com.zhhy.ws\jdk1.6.0_37\jre\bin;D:/com.zhhy.ws/jdk1.6.0_37/bin/../jre/bin/client;D:/com.zhhy.ws/jdk1.6.0_37/bin/../jre/bin;D:/com.zhhy.ws/jdk1.6.0_37/bin/../jre/lib/i386;C:\Program Files (x86)\NVIDIA Corporation\PhysX\Common;d:\oracle\product\10.2.0\db_1\bin;C:\Windows\system32;C:\Windows;C:\Windows\System32\Wbem;C:\Windows\System32\WindowsPowerShell\v1.0\;D:\Program Files\TortoiseSVN\bin;C:\Program Files (x86)\Microsoft SQL Server\100\Tools\Binn\;C:\Program Files\Microsoft SQL Server\100\Tools\Binn\;C:\Program Files\Microsoft SQL Server\100\DTS\Binn\;D:\Program Files\VisualSVN Server\bin;C:\Program Files (x86)\Windows Kits\8.1\Windows Performance Toolkit\;C:\Program Files\Microsoft SQL Server\110\Tools\Binn\;D:\com.zhhy.ws\jdk1.6.0_37\bin;d:\Program Files (x86)\DBank\ClickUp;D:\adt-bundle-windows-x86-20140702\eclipse;
USERNAME=chen
OS=Windows_NT
PROCESSOR_IDENTIFIER=Intel64 Family 6 Model 37 Stepping 2, GenuineIntel



---------------  S Y S T E M  ---------------

OS: Windows 7 , 64 bit Build 7601 Service Pack 1

CPU:total 4 (2 cores per cpu, 2 threads per core) family 6 model 37 stepping 2, cmov, cx8, fxsr, mmx, sse, sse2, sse3, ssse3, sse4.1, sse4.2, popcnt, ht

Memory: 4k page, physical 4051460k(1053344k free), swap 8101056k(4221120k free)

vm_info: Java HotSpot(TM) Client VM (20.12-b01) for windows-x86 JRE (1.6.0_37-b06), built on Sep 24 2012 12:44:35 by "java_re" with MS VC++ 7.1 (VS2003)

time: Wed Sep 24 20:54:18 2014
elapsed time: 0 seconds

